<?xml version="1.0" encoding="UTF-8"?>
<!-- Generated by org.testng.reporters.JUnitReportReporter -->
<testsuite hostname="LAPTOP-5ULR2249" failures="0" tests="4" name="com.Scopex.TestPackage.TC01_VerifyContantUsFunctionality" time="19.052" errors="0" timestamp="2023-02-25T09:15:04 IST" skipped="0">
  <testcase classname="com.Scopex.TestPackage.TC01_VerifyContantUsFunctionality" name="VerifyContancUsClickFunctionality" time="4.864"/>
  <system-out/>
  <testcase classname="com.Scopex.TestPackage.TC01_VerifyContantUsFunctionality" name="VerifyNameTextboxEnabledfunctionality" time="3.828"/>
  <system-out/>
  <testcase classname="com.Scopex.TestPackage.TC01_VerifyContantUsFunctionality" name="VerifyEmailTextboxEnabledfunctionality" time="4.150"/>
  <system-out/>
  <testcase classname="com.Scopex.TestPackage.TC01_VerifyContantUsFunctionality" name="VerifyMessageTextboxEnabledfunctionality" time="6.210"/>
  <system-out/>
</testsuite> <!-- com.Scopex.TestPackage.TC01_VerifyContantUsFunctionality -->
