<?xml version="1.0" encoding="UTF-8"?>
<!-- Generated by org.testng.reporters.JUnitReportReporter -->
<testsuite hostname="LAPTOP-5ULR2249" failures="0" tests="2" name="com.Scopex.TestPackage.TC04_VerifyLoginFunctionality" time="11.715" errors="0" timestamp="2023-02-25T09:15:04 IST" skipped="0">
  <testcase classname="com.Scopex.TestPackage.TC04_VerifyLoginFunctionality" name="VerifyLoginPageFunctionality" time="4.180"/>
  <system-out/>
  <testcase classname="com.Scopex.TestPackage.TC04_VerifyLoginFunctionality" name="VerifyLoginActivityFunctionality" time="7.535"/>
  <system-out/>
</testsuite> <!-- com.Scopex.TestPackage.TC04_VerifyLoginFunctionality -->
