<?xml version="1.0" encoding="UTF-8"?>
<!-- Generated by org.testng.reporters.JUnitReportReporter -->
<testsuite hostname="LAPTOP-5ULR2249" failures="0" tests="1" name="com.Scopex.TestPackage.TC02_VerifyFAQsFunctionality" time="3.978" errors="0" timestamp="2023-02-25T09:15:04 IST" skipped="0">
  <testcase classname="com.Scopex.TestPackage.TC02_VerifyFAQsFunctionality" name="VerifyFAQsFunctionality" time="3.978"/>
  <system-out/>
</testsuite> <!-- com.Scopex.TestPackage.TC02_VerifyFAQsFunctionality -->
